0 info it worked if it ends with ok
1 verbose cli [ 'C:\\Program Files\\nodejs\\node.exe',
1 verbose cli   'C:\\Program Files\\nodejs\\node_modules\\npm\\bin\\npm-cli.js',
1 verbose cli   'install',
1 verbose cli   'server' ]
2 info using npm@2.15.5
3 info using node@v4.4.5
4 verbose install initial load of D:\git\ffbeequip_clone\package.json
5 verbose installManyTop reading scoped package data from D:\git\ffbeequip_clone\node_modules\server-js\package.json
6 info package.json server-js@0.1.4 No license field.
7 verbose readDependencies loading dependencies from D:\git\ffbeequip_clone\package.json
8 silly cache add args [ 'server@^1.0.3', null ]
9 verbose cache add spec server@^1.0.3
10 silly cache add parsed spec Result {
10 silly cache add   raw: 'server@^1.0.3',
10 silly cache add   scope: null,
10 silly cache add   name: 'server',
10 silly cache add   rawSpec: '^1.0.3',
10 silly cache add   spec: '>=1.0.3 <2.0.0',
10 silly cache add   type: 'range' }
11 silly addNamed server@>=1.0.3 <2.0.0
12 verbose addNamed ">=1.0.3 <2.0.0" is a valid semver range for server
13 silly addNameRange { name: 'server', range: '>=1.0.3 <2.0.0', hasData: false }
14 silly mapToRegistry name server
15 silly mapToRegistry using default registry
16 silly mapToRegistry registry https://registry.npmjs.org/
17 silly mapToRegistry data Result {
17 silly mapToRegistry   raw: 'server',
17 silly mapToRegistry   scope: null,
17 silly mapToRegistry   name: 'server',
17 silly mapToRegistry   rawSpec: '',
17 silly mapToRegistry   spec: 'latest',
17 silly mapToRegistry   type: 'tag' }
18 silly mapToRegistry uri https://registry.npmjs.org/server
19 verbose addNameRange registry:https://registry.npmjs.org/server not in flight; fetching
20 verbose request uri https://registry.npmjs.org/server
21 verbose request no auth needed
22 info attempt registry request try #1 at 11:04:27 PM
23 verbose request id 4143188f7663cf47
24 verbose etag W/"5a01910e-1d186"
25 verbose lastModified Tue, 07 Nov 2017 10:55:10 GMT
26 http request GET https://registry.npmjs.org/server
27 http 304 https://registry.npmjs.org/server
28 verbose headers { date: 'Thu, 09 Nov 2017 07:04:25 GMT',
28 verbose headers   via: '1.1 varnish',
28 verbose headers   'cache-control': 'max-age=300',
28 verbose headers   etag: 'W/"5a01910e-1d186"',
28 verbose headers   age: '185',
28 verbose headers   connection: 'keep-alive',
28 verbose headers   'x-served-by': 'cache-sea1028-SEA',
28 verbose headers   'x-cache': 'HIT',
28 verbose headers   'x-cache-hits': '1',
28 verbose headers   'x-timer': 'S1510211065.439565,VS0,VE1',
28 verbose headers   vary: 'Accept-Encoding, Accept' }
29 silly get cb [ 304,
29 silly get   { date: 'Thu, 09 Nov 2017 07:04:25 GMT',
29 silly get     via: '1.1 varnish',
29 silly get     'cache-control': 'max-age=300',
29 silly get     etag: 'W/"5a01910e-1d186"',
29 silly get     age: '185',
29 silly get     connection: 'keep-alive',
29 silly get     'x-served-by': 'cache-sea1028-SEA',
29 silly get     'x-cache': 'HIT',
29 silly get     'x-cache-hits': '1',
29 silly get     'x-timer': 'S1510211065.439565,VS0,VE1',
29 silly get     vary: 'Accept-Encoding, Accept' } ]
30 verbose etag https://registry.npmjs.org/server from cache
31 verbose get saving server to C:\Users\Cloud\AppData\Roaming\npm-cache\registry.npmjs.org\server\.cache.json
32 verbose correctMkdir C:\Users\Cloud\AppData\Roaming\npm-cache correctMkdir not in flight; initializing
33 silly addNameRange number 2 { name: 'server', range: '>=1.0.3 <2.0.0', hasData: true }
34 silly addNameRange versions [ 'server',
34 silly addNameRange   [ '0.0.0',
34 silly addNameRange     '0.0.1',
34 silly addNameRange     '0.0.2',
34 silly addNameRange     '0.0.3',
34 silly addNameRange     '1.0.0-alpha.1',
34 silly addNameRange     '1.0.0-alpha.2',
34 silly addNameRange     '1.0.0-alpha.3',
34 silly addNameRange     '1.0.0-alpha.5',
34 silly addNameRange     '1.0.0-alpha.6',
34 silly addNameRange     '1.0.0-alpha.7',
34 silly addNameRange     '1.0.0-alpha.9',
34 silly addNameRange     '1.0.0-alpha.10',
34 silly addNameRange     '1.0.0-alpha.11',
34 silly addNameRange     '1.0.0-alpha.14',
34 silly addNameRange     '1.0.0-alpha.15',
34 silly addNameRange     '1.0.0-alpha.16',
34 silly addNameRange     '1.0.0-alpha.17',
34 silly addNameRange     '1.0.0-alpha.18',
34 silly addNameRange     '1.0.0-alpha.19',
34 silly addNameRange     '1.0.0-alpha.20',
34 silly addNameRange     '1.0.0-alpha.21',
34 silly addNameRange     '1.0.0-alpha.22',
34 silly addNameRange     '1.0.0-alpha.23',
34 silly addNameRange     '1.0.0-alpha.24',
34 silly addNameRange     '1.0.0-alpha.25',
34 silly addNameRange     '1.0.0-alpha.26',
34 silly addNameRange     '1.0.0-alpha.27',
34 silly addNameRange     '1.0.0-alpha.28',
34 silly addNameRange     '1.0.0-alpha.29' ] ]
35 verbose stack Error: No compatible version found: server@'>=1.0.3 <2.0.0'
35 verbose stack Valid install targets:
35 verbose stack ["0.0.0","0.0.1","0.0.2","0.0.3","1.0.0-alpha.1","1.0.0-alpha.2","1.0.0-alpha.3","1.0.0-alpha.5","1.0.0-alpha.6","1.0.0-alpha.7","1.0.0-alpha.9","1.0.0-alpha.10","1.0.0-alpha.11","1.0.0-alpha.14","1.0.0-alpha.15","1.0.0-alpha.16","1.0.0-alpha.17","1.0.0-alpha.18","1.0.0-alpha.19","1.0.0-alpha.20","1.0.0-alpha.21","1.0.0-alpha.22","1.0.0-alpha.23","1.0.0-alpha.24","1.0.0-alpha.25","1.0.0-alpha.26","1.0.0-alpha.27","1.0.0-alpha.28","1.0.0-alpha.29"]
35 verbose stack
35 verbose stack     at installTargetsError (C:\Program Files\nodejs\node_modules\npm\lib\cache\add-named.js:284:12)
35 verbose stack     at next (C:\Program Files\nodejs\node_modules\npm\lib\cache\add-named.js:262:19)
35 verbose stack     at setData (C:\Program Files\nodejs\node_modules\npm\lib\cache\add-named.js:236:5)
35 verbose stack     at RES (C:\Program Files\nodejs\node_modules\npm\node_modules\inflight\inflight.js:23:14)
35 verbose stack     at f (C:\Program Files\nodejs\node_modules\npm\node_modules\once\once.js:17:25)
35 verbose stack     at fixName (C:\Program Files\nodejs\node_modules\npm\lib\cache\add-named.js:29:5)
35 verbose stack     at saved (C:\Program Files\nodejs\node_modules\npm\lib\cache\caching-client.js:173:7)
35 verbose stack     at C:\Program Files\nodejs\node_modules\npm\node_modules\graceful-fs\polyfills.js:210:7
35 verbose stack     at FSReqWrap.oncomplete (fs.js:82:15)
36 verbose cwd D:\git\ffbeequip_clone
37 error Windows_NT 6.1.7601
38 error argv "C:\\Program Files\\nodejs\\node.exe" "C:\\Program Files\\nodejs\\node_modules\\npm\\bin\\npm-cli.js" "install" "server"
39 error node v4.4.5
40 error npm  v2.15.5
41 error code ETARGET
42 error notarget No compatible version found: server@'>=1.0.3 <2.0.0'
42 error notarget Valid install targets:
42 error notarget ["0.0.0","0.0.1","0.0.2","0.0.3","1.0.0-alpha.1","1.0.0-alpha.2","1.0.0-alpha.3","1.0.0-alpha.5","1.0.0-alpha.6","1.0.0-alpha.7","1.0.0-alpha.9","1.0.0-alpha.10","1.0.0-alpha.11","1.0.0-alpha.14","1.0.0-alpha.15","1.0.0-alpha.16","1.0.0-alpha.17","1.0.0-alpha.18","1.0.0-alpha.19","1.0.0-alpha.20","1.0.0-alpha.21","1.0.0-alpha.22","1.0.0-alpha.23","1.0.0-alpha.24","1.0.0-alpha.25","1.0.0-alpha.26","1.0.0-alpha.27","1.0.0-alpha.28","1.0.0-alpha.29"]
42 error notarget
42 error notarget This is most likely not a problem with npm itself.
42 error notarget In most cases you or one of your dependencies are requesting
42 error notarget a package version that doesn't exist.
42 error notarget
42 error notarget It was specified as a dependency of 'ffbeequip'
43 verbose exit [ 1, true ]
